[     292ms] [WARNING] The width(-1) and height(-1) of chart should be greater than 0,
       please check the style of container, or the props width(100%) and height(100%),
       or add a minWidth(0) or minHeight(undefined) or use aspect(undefined) to control the
       height and width. @ http://localhost:3000/_next/static/chunks/node_modules_next_dist_f3530cac._.js:2297
[     292ms] [WARNING] The width(-1) and height(-1) of chart should be greater than 0,
       please check the style of container, or the props width(100%) and height(100%),
       or add a minWidth(0) or minHeight(undefined) or use aspect(undefined) to control the
       height and width. @ http://localhost:3000/_next/static/chunks/node_modules_next_dist_f3530cac._.js:2297
[     294ms] [WARNING] The width(-1) and height(-1) of chart should be greater than 0,
       please check the style of container, or the props width(100%) and height(100%),
       or add a minWidth(0) or minHeight(undefined) or use aspect(undefined) to control the
       height and width. @ http://localhost:3000/_next/static/chunks/node_modules_next_dist_f3530cac._.js:2297
[     294ms] [WARNING] The width(-1) and height(-1) of chart should be greater than 0,
       please check the style of container, or the props width(100%) and height(100%),
       or add a minWidth(0) or minHeight(undefined) or use aspect(undefined) to control the
       height and width. @ http://localhost:3000/_next/static/chunks/node_modules_next_dist_f3530cac._.js:2297
[   36313ms] [WARNING] The width(-1) and height(-1) of chart should be greater than 0,
       please check the style of container, or the props width(100%) and height(100%),
       or add a minWidth(0) or minHeight(undefined) or use aspect(undefined) to control the
       height and width. @ http://localhost:3000/_next/static/chunks/node_modules_next_dist_f3530cac._.js:2297
[   36313ms] [WARNING] The width(-1) and height(-1) of chart should be greater than 0,
       please check the style of container, or the props width(100%) and height(100%),
       or add a minWidth(0) or minHeight(undefined) or use aspect(undefined) to control the
       height and width. @ http://localhost:3000/_next/static/chunks/node_modules_next_dist_f3530cac._.js:2297
[   52126ms] [ERROR] ./components/platform-chart.tsx:53:8
Parsing ecmascript source code failed
  51 |           </PieChart>
  52 |         </ResponsiveContainer>
> 53 |       </div>
     |        ^^^^^
  54 |       <div className="flex-1 space-y-3">
  55 |         {platformBreakdown.map((p) => (
  56 |           <div key={p.platform} className="flex items-center gap-3">

Unterminated regexp literal

Import traces:
  Client Component Browser:
    ./components/platform-chart.tsx [Client Component Browser]
    ./app/(dashboard)/page.tsx [Client Component Browser]
    ./app/(dashboard)/page.tsx [Server Component]

  Client Component SSR:
    ./components/platform-chart.tsx [Client Component SSR]
    ./app/(dashboard)/page.tsx [Client Component SSR]
    ./app/(dashboard)/page.tsx [Server Component] @ http://localhost:3000/_next/static/chunks/node_modules_next_dist_f3530cac._.js:3127
[   64521ms] [WARNING] The width(-1) and height(-1) of chart should be greater than 0,
       please check the style of container, or the props width(100%) and height(100%),
       or add a minWidth(0) or minHeight(undefined) or use aspect(undefined) to control the
       height and width. @ http://localhost:3000/_next/static/chunks/node_modules_next_dist_f3530cac._.js:2297
[   64522ms] [WARNING] The width(-1) and height(-1) of chart should be greater than 0,
       please check the style of container, or the props width(100%) and height(100%),
       or add a minWidth(0) or minHeight(undefined) or use aspect(undefined) to control the
       height and width. @ http://localhost:3000/_next/static/chunks/node_modules_next_dist_f3530cac._.js:2297
